<?xml version="1.0" encoding="UTF-8"?>
<!-- Generated by org.testng.reporters.JUnitXMLReporter -->
<testsuite ignored="0" hostname="Sruthi" failures="0" tests="5" name="Default test" time="39.295" errors="0" timestamp="2026-09-08T11:22:05 IST">
  <testcase classname="tests.LoginTest" name="emptyPasswordTest" time="0.72"/>
  <testcase classname="tests.LoginTest" name="emptyUsernameTest" time="0.497"/>
  <testcase classname="tests.LoginTest" name="invalidPasswordTest" time="0.585"/>
  <testcase classname="tests.LoginTest" name="invalidUsernameTest" time="0.527"/>
  <testcase classname="tests.LoginTest" name="validLoginTest" time="0.615"/>
</testsuite> <!-- Default test -->
