<?xml version="1.0" encoding="UTF-8"?>
<!-- Generated by org.testng.reporters.JUnitXMLReporter -->
<testsuite ignored="0" hostname="Sruthi" failures="0" tests="6" name="All Tests" time="34.326" errors="0" timestamp="2026-09-08T12:24:24 IST">
  <testcase classname="tests.LoginTest" name="emptyPasswordTest" time="0.784"/>
  <testcase classname="tests.LoginTest" name="emptyUsernameTest" time="0.558"/>
  <testcase classname="tests.LoginTest" name="invalidPasswordTest" time="0.614"/>
  <testcase classname="tests.LoginTest" name="invalidUsernameTest" time="0.581"/>
  <testcase classname="tests.LoginTest" name="validLoginTest" time="0.577"/>
  <testcase classname="tests.ProductTest" name="addProductToCartTest" time="3.139"/>
</testsuite> <!-- All Tests -->
