<?xml version="1.0" encoding="UTF-8"?>
<testng-results ignored="0" total="6" passed="6" failed="0" skipped="0">
  <reporter-output>
  </reporter-output>
  <suite started-at="2026-09-08T12:23:50 IST" name="Automation Test Suite" finished-at="2026-09-08T12:24:24 IST" duration-ms="34326">
    <groups>
    </groups>
    <test started-at="2026-09-08T12:23:50 IST" name="All Tests" finished-at="2026-09-08T12:24:24 IST" duration-ms="34326">
      <class name="tests.LoginTest">
        <test-method is-config="true" signature="setUp()[pri:0, instance:tests.LoginTest@34a3d150]" started-at="2026-09-08T12:23:50 IST" name="setUp" finished-at="2026-09-08T12:23:58 IST" duration-ms="7817" status="PASS">
          <reporter-output>
          </reporter-output>
        </test-method> <!-- setUp -->
        <test-method signature="emptyPasswordTest()[pri:0, instance:tests.LoginTest@34a3d150]" started-at="2026-09-08T12:23:58 IST" name="emptyPasswordTest" finished-at="2026-09-08T12:23:58 IST" duration-ms="784" status="PASS">
          <reporter-output>
          </reporter-output>
        </test-method> <!-- emptyPasswordTest -->
        <test-method is-config="true" signature="tearDown(org.testng.ITestResult)[pri:0, instance:tests.LoginTest@34a3d150]" started-at="2026-09-08T12:23:58 IST" name="tearDown" finished-at="2026-09-08T12:23:59 IST" duration-ms="835" status="PASS">
          <params>
            <param index="0">
              <value>
                <![CDATA[[TestResult name=emptyPasswordTest status=SUCCESS method=LoginTest.emptyPasswordTest()[pri:0, instance:tests.LoginTest@34a3d150] output={null}]]]>
              </value>
            </param>
          </params>
          <reporter-output>
          </reporter-output>
        </test-method> <!-- tearDown -->
        <test-method is-config="true" signature="setUp()[pri:0, instance:tests.LoginTest@34a3d150]" started-at="2026-09-08T12:23:59 IST" name="setUp" finished-at="2026-09-08T12:24:03 IST" duration-ms="3246" status="PASS">
          <reporter-output>
          </reporter-output>
        </test-method> <!-- setUp -->
        <test-method signature="emptyUsernameTest()[pri:0, instance:tests.LoginTest@34a3d150]" started-at="2026-09-08T12:24:03 IST" name="emptyUsernameTest" finished-at="2026-09-08T12:24:03 IST" duration-ms="558" status="PASS">
          <reporter-output>
          </reporter-output>
        </test-method> <!-- emptyUsernameTest -->
        <test-method is-config="true" signature="tearDown(org.testng.ITestResult)[pri:0, instance:tests.LoginTest@34a3d150]" started-at="2026-09-08T12:24:03 IST" name="tearDown" finished-at="2026-09-08T12:24:04 IST" duration-ms="721" status="PASS">
          <params>
            <param index="0">
              <value>
                <![CDATA[[TestResult name=emptyUsernameTest status=SUCCESS method=LoginTest.emptyUsernameTest()[pri:0, instance:tests.LoginTest@34a3d150] output={null}]]]>
              </value>
            </param>
          </params>
          <reporter-output>
          </reporter-output>
        </test-method> <!-- tearDown -->
        <test-method is-config="true" signature="setUp()[pri:0, instance:tests.LoginTest@34a3d150]" started-at="2026-09-08T12:24:04 IST" name="setUp" finished-at="2026-09-08T12:24:07 IST" duration-ms="2837" status="PASS">
          <reporter-output>
          </reporter-output>
        </test-method> <!-- setUp -->
        <test-method signature="invalidPasswordTest()[pri:0, instance:tests.LoginTest@34a3d150]" started-at="2026-09-08T12:24:07 IST" name="invalidPasswordTest" finished-at="2026-09-08T12:24:07 IST" duration-ms="614" status="PASS">
          <reporter-output>
          </reporter-output>
        </test-method> <!-- invalidPasswordTest -->
        <test-method is-config="true" signature="tearDown(org.testng.ITestResult)[pri:0, instance:tests.LoginTest@34a3d150]" started-at="2026-09-08T12:24:07 IST" name="tearDown" finished-at="2026-09-08T12:24:08 IST" duration-ms="991" status="PASS">
          <params>
            <param index="0">
              <value>
                <![CDATA[[TestResult name=invalidPasswordTest status=SUCCESS method=LoginTest.invalidPasswordTest()[pri:0, instance:tests.LoginTest@34a3d150] output={null}]]]>
              </value>
            </param>
          </params>
          <reporter-output>
          </reporter-output>
        </test-method> <!-- tearDown -->
        <test-method is-config="true" signature="setUp()[pri:0, instance:tests.LoginTest@34a3d150]" started-at="2026-09-08T12:24:08 IST" name="setUp" finished-at="2026-09-08T12:24:11 IST" duration-ms="2979" status="PASS">
          <reporter-output>
          </reporter-output>
        </test-method> <!-- setUp -->
        <test-method signature="invalidUsernameTest()[pri:0, instance:tests.LoginTest@34a3d150]" started-at="2026-09-08T12:24:11 IST" name="invalidUsernameTest" finished-at="2026-09-08T12:24:12 IST" duration-ms="581" status="PASS">
          <reporter-output>
          </reporter-output>
        </test-method> <!-- invalidUsernameTest -->
        <test-method is-config="true" signature="tearDown(org.testng.ITestResult)[pri:0, instance:tests.LoginTest@34a3d150]" started-at="2026-09-08T12:24:12 IST" name="tearDown" finished-at="2026-09-08T12:24:13 IST" duration-ms="791" status="PASS">
          <params>
            <param index="0">
              <value>
                <![CDATA[[TestResult name=invalidUsernameTest status=SUCCESS method=LoginTest.invalidUsernameTest()[pri:0, instance:tests.LoginTest@34a3d150] output={null}]]]>
              </value>
            </param>
          </params>
          <reporter-output>
          </reporter-output>
        </test-method> <!-- tearDown -->
        <test-method is-config="true" signature="setUp()[pri:0, instance:tests.LoginTest@34a3d150]" started-at="2026-09-08T12:24:13 IST" name="setUp" finished-at="2026-09-08T12:24:15 IST" duration-ms="2800" status="PASS">
          <reporter-output>
          </reporter-output>
        </test-method> <!-- setUp -->
        <test-method signature="validLoginTest()[pri:0, instance:tests.LoginTest@34a3d150]" started-at="2026-09-08T12:24:15 IST" name="validLoginTest" finished-at="2026-09-08T12:24:16 IST" duration-ms="577" status="PASS">
          <reporter-output>
          </reporter-output>
        </test-method> <!-- validLoginTest -->
        <test-method is-config="true" signature="tearDown(org.testng.ITestResult)[pri:0, instance:tests.LoginTest@34a3d150]" started-at="2026-09-08T12:24:16 IST" name="tearDown" finished-at="2026-09-08T12:24:17 IST" duration-ms="831" status="PASS">
          <params>
            <param index="0">
              <value>
                <![CDATA[[TestResult name=validLoginTest status=SUCCESS method=LoginTest.validLoginTest()[pri:0, instance:tests.LoginTest@34a3d150] output={null}]]]>
              </value>
            </param>
          </params>
          <reporter-output>
          </reporter-output>
        </test-method> <!-- tearDown -->
      </class> <!-- tests.LoginTest -->
      <class name="tests.ProductTest">
        <test-method is-config="true" signature="setUp()[pri:0, instance:tests.ProductTest@22555ebf]" started-at="2026-09-08T12:24:17 IST" name="setUp" finished-at="2026-09-08T12:24:20 IST" duration-ms="3027" status="PASS">
          <reporter-output>
          </reporter-output>
        </test-method> <!-- setUp -->
        <test-method signature="addProductToCartTest()[pri:0, instance:tests.ProductTest@22555ebf]" started-at="2026-09-08T12:24:20 IST" name="addProductToCartTest" finished-at="2026-09-08T12:24:23 IST" duration-ms="3139" status="PASS">
          <reporter-output>
          </reporter-output>
        </test-method> <!-- addProductToCartTest -->
        <test-method is-config="true" signature="tearDown(org.testng.ITestResult)[pri:0, instance:tests.ProductTest@22555ebf]" started-at="2026-09-08T12:24:23 IST" name="tearDown" finished-at="2026-09-08T12:24:24 IST" duration-ms="1079" status="PASS">
          <params>
            <param index="0">
              <value>
                <![CDATA[[TestResult name=addProductToCartTest status=SUCCESS method=ProductTest.addProductToCartTest()[pri:0, instance:tests.ProductTest@22555ebf] output={null}]]]>
              </value>
            </param>
          </params>
          <reporter-output>
          </reporter-output>
        </test-method> <!-- tearDown -->
      </class> <!-- tests.ProductTest -->
    </test> <!-- All Tests -->
  </suite> <!-- Automation Test Suite -->
</testng-results>
