<?xml version="1.0" encoding="UTF-8"?>
<!-- Generated by org.testng.reporters.JUnitReportReporter -->
<testsuite hostname="Sruthi" failures="0" tests="5" name="tests.LoginTest" time="26.962" errors="0" timestamp="2026-09-08T12:24:24 IST" skipped="0">
  <testcase classname="tests.LoginTest" name="emptyPasswordTest" time="9.592"/>
  <testcase classname="tests.LoginTest" name="invalidPasswordTest" time="4.428"/>
  <testcase classname="tests.LoginTest" name="validLoginTest" time="4.245"/>
  <testcase classname="tests.LoginTest" name="emptyUsernameTest" time="4.595"/>
  <testcase classname="tests.LoginTest" name="invalidUsernameTest" time="4.102"/>
</testsuite> <!-- tests.LoginTest -->
